<?xml version="1.0" encoding="UTF-8"?>
<!-- Generated by org.testng.reporters.JUnitXMLReporter -->
<testsuite hostname="Prav_Admin_003" ignored="0" name="Default test" tests="3" failures="0" timestamp="30 Jun 2018 06:49:17 GMT" time="0.05" errors="0">
  <testcase name="end" time="0.01" classname="com.code.Pratice.selenium.home.TC_001"/>
  <testcase name="login" time="0.0" classname="com.code.Pratice.selenium.home.TC_001"/>
  <testcase name="test" time="0.01" classname="com.code.Pratice.selenium.home.TC_001"/>
</testsuite> <!-- Default test -->
